<?xml version="1.0" encoding="UTF-8"?>
<!-- Generated by org.testng.reporters.JUnitXMLReporter -->
<testsuite ignored="24" hostname="DESKTOP-Q87FFFO" failures="0" tests="37" name="Regression" time="142.012" errors="0" timestamp="2022-06-23T15:24:39 EET">
  <testcase classname="tests.UserRegistrationTest" name="UserCanRegisterSuccessfully" time="2.83"/>
  <testcase classname="tests.UserRegistrationTest" name="UserCanLogout" time="1.259"/>
  <testcase classname="tests.UserRegistrationTest" name="UserCanLogin" time="1.898"/>
  <testcase classname="tests.AddProductReviewTest" name="UserCanRegisterSuccessfully" time="2.845"/>
  <testcase classname="tests.AddProductReviewTest" name="UserCanSearchWithAutoSuggest" time="5.372"/>
  <testcase classname="tests.AddProductReviewTest" name="userCanAddReview" time="2.115"/>
  <testcase classname="tests.AddProductReviewTest" name="UserCanLogout" time="1.419"/>
  <testcase classname="tests.AddProductToCompareTest" name="UserCanCompareProducts" time="15.501"/>
  <testcase classname="tests.AddProductToCompareTest" name="UserCanClearCompareList" time="1.289"/>
  <testcase classname="tests.AddProductToShoppingCartTest" name="UserCanSearchForProductsWithAutoSuggest" time="4.472"/>
  <testcase classname="tests.AddProductToShoppingCartTest" name="UserCanAddProductToShoppingCart" time="2.183"/>
  <testcase classname="tests.AddProductToShoppingCartTest" name="UserCanRemoveProductFromCart" time="1.936"/>
  <testcase classname="tests.AddProductToWishListTest" name="UserCanSearchWithAutoSuggest" time="4.461"/>
  <testcase classname="tests.AddProductToWishListTest" name="UserCanAddProductToWishlist" time="1.089"/>
  <testcase classname="tests.AddProductToWishListTest" name="UserCanRemoveProductFromCart" time="0.698"/>
  <testcase classname="tests.ChangeCurrencyTest" name="TestChangeCurrency" time="1.321"/>
  <testcase classname="tests.ChangeCurrencyTest" name="UserCanSearchWithAutoSuggest" time="4.49"/>
  <testcase classname="tests.ContactUsTest" name="TestContactUs" time="5.413"/>
  <testcase classname="tests.EmailFriendTest" name="UserCanRegisterSuccessfully" time="2.769"/>
  <testcase classname="tests.EmailFriendTest" name="UserCanSearchWithAutoSuggest" time="4.367"/>
  <testcase classname="tests.EmailFriendTest" name="RegisteredUserCanSendTOFriend" time="1.841"/>
  <testcase classname="tests.EmailFriendTest" name="UserCanLogout" time="1.305"/>
  <testcase classname="tests.GuestCheckoutProductFromCartTest" name="UserCanSearchForProductsWithAutoSuggest" time="4.192"/>
  <testcase classname="tests.GuestCheckoutProductFromCartTest" name="UserCanAddProductToShoppingCart" time="3.014"/>
  <testcase classname="tests.GuestCheckoutProductFromCartTest" name="UserCanCheckoutProduct" time="13.187"/>
  <testcase classname="tests.GuestCheckoutProductFromCartTest" name="UserCanViewOrderDetails" time="7.04"/>
  <testcase classname="tests.MyAccountTest" name="UserCanRegisterSuccessfully" time="4.353"/>
  <testcase classname="tests.MyAccountTest" name="ResgistratedUserCanChangePassword" time="3.148"/>
  <testcase classname="tests.MyAccountTest" name="UserCanLogout" time="1.241"/>
  <testcase classname="tests.MyAccountTest" name="UserCanLogin" time="1.603"/>
  <testcase classname="tests.RegisteredUserCheckoutProductTest" name="UserCanRegisterSuccssfully" time="3.295"/>
  <testcase classname="tests.RegisteredUserCheckoutProductTest" name="UserCanSearchWithAutoSuggest" time="5.332"/>
  <testcase classname="tests.RegisteredUserCheckoutProductTest" name="UserCanAddProductToShoppingCart" time="2.214"/>
  <testcase classname="tests.RegisteredUserCheckoutProductTest" name="UserCanCheckoutProduct" time="13.145"/>
  <testcase classname="tests.RegisteredUserCheckoutProductTest" name="RegisteredUserCanLogout" time="1.487"/>
  <testcase classname="tests.SearchProductUsingAutoSuggest" name="UserCanSearchWithAutoSuggest" time="4.247"/>
  <testcase classname="tests.SearchTest" name="UserCanSearchProducts" time="3.455"/>
  <testcase classname="tests.TestBase" name="@AfterSuite stopDriver" time="0.0">
    <ignored/>
  </testcase> <!-- @AfterSuite stopDriver -->
  <testcase classname="tests.TestBase" name="@BeforeSuite startDriver" time="0.0">
    <ignored/>
  </testcase> <!-- @BeforeSuite startDriver -->
  <testcase classname="tests.TestBase" name="@BeforeSuite startDriver" time="0.0">
    <ignored/>
  </testcase> <!-- @BeforeSuite startDriver -->
  <testcase classname="tests.TestBase" name="@BeforeSuite startDriver" time="0.0">
    <ignored/>
  </testcase> <!-- @BeforeSuite startDriver -->
  <testcase classname="tests.TestBase" name="@AfterSuite stopDriver" time="0.0">
    <ignored/>
  </testcase> <!-- @AfterSuite stopDriver -->
  <testcase classname="tests.TestBase" name="@BeforeSuite startDriver" time="0.0">
    <ignored/>
  </testcase> <!-- @BeforeSuite startDriver -->
  <testcase classname="tests.TestBase" name="@AfterSuite stopDriver" time="0.0">
    <ignored/>
  </testcase> <!-- @AfterSuite stopDriver -->
  <testcase classname="tests.TestBase" name="@AfterSuite stopDriver" time="0.0">
    <ignored/>
  </testcase> <!-- @AfterSuite stopDriver -->
  <testcase classname="tests.TestBase" name="@AfterSuite stopDriver" time="0.0">
    <ignored/>
  </testcase> <!-- @AfterSuite stopDriver -->
  <testcase classname="tests.TestBase" name="@AfterSuite stopDriver" time="0.0">
    <ignored/>
  </testcase> <!-- @AfterSuite stopDriver -->
  <testcase classname="tests.TestBase" name="@AfterSuite stopDriver" time="0.0">
    <ignored/>
  </testcase> <!-- @AfterSuite stopDriver -->
  <testcase classname="tests.TestBase" name="@AfterSuite stopDriver" time="0.0">
    <ignored/>
  </testcase> <!-- @AfterSuite stopDriver -->
  <testcase classname="tests.TestBase" name="@AfterSuite stopDriver" time="0.0">
    <ignored/>
  </testcase> <!-- @AfterSuite stopDriver -->
  <testcase classname="tests.TestBase" name="@AfterSuite stopDriver" time="0.0">
    <ignored/>
  </testcase> <!-- @AfterSuite stopDriver -->
  <testcase classname="tests.TestBase" name="@AfterSuite stopDriver" time="0.0">
    <ignored/>
  </testcase> <!-- @AfterSuite stopDriver -->
  <testcase classname="tests.TestBase" name="@AfterSuite stopDriver" time="0.0">
    <ignored/>
  </testcase> <!-- @AfterSuite stopDriver -->
  <testcase classname="tests.TestBase" name="@BeforeSuite startDriver" time="0.0">
    <ignored/>
  </testcase> <!-- @BeforeSuite startDriver -->
  <testcase classname="tests.TestBase" name="@BeforeSuite startDriver" time="0.0">
    <ignored/>
  </testcase> <!-- @BeforeSuite startDriver -->
  <testcase classname="tests.TestBase" name="@BeforeSuite startDriver" time="0.0">
    <ignored/>
  </testcase> <!-- @BeforeSuite startDriver -->
  <testcase classname="tests.TestBase" name="@BeforeSuite startDriver" time="0.0">
    <ignored/>
  </testcase> <!-- @BeforeSuite startDriver -->
  <testcase classname="tests.TestBase" name="@BeforeSuite startDriver" time="0.0">
    <ignored/>
  </testcase> <!-- @BeforeSuite startDriver -->
  <testcase classname="tests.TestBase" name="@BeforeSuite startDriver" time="0.0">
    <ignored/>
  </testcase> <!-- @BeforeSuite startDriver -->
  <testcase classname="tests.TestBase" name="@BeforeSuite startDriver" time="0.0">
    <ignored/>
  </testcase> <!-- @BeforeSuite startDriver -->
  <testcase classname="tests.TestBase" name="@BeforeSuite startDriver" time="0.0">
    <ignored/>
  </testcase> <!-- @BeforeSuite startDriver -->
</testsuite> <!-- Regression -->
