<?xml version="1.0" encoding="UTF-8"?>
<!-- Generated by org.testng.reporters.JUnitReportReporter -->
<testsuite hostname="DESKTOP-Q87FFFO" failures="0" tests="1" name="runner.TestRunner" time="1.109" errors="1" timestamp="2022-06-27T13:29:17 EET" skipped="0">
  <testcase classname="runner.TestRunner" name="runScenario" time="1.109">
    <error message="TODO: implement me" type="io.cucumber.java.PendingException">
      <![CDATA[io.cucumber.java.PendingException: TODO: implement me
at steps.UserRegistartion.the_user_in_the_home_page(UserRegistartion.java:22)
at ✽.the user in the home page(file:///D:/taf/src/test/java/features/UserRegistration.feature:5)
]]>
    </error>
  </testcase> <!-- runScenario -->
  <system-out/>
</testsuite> <!-- runner.TestRunner -->
